  Final.cpp
C:\Users\linka\source\repos\Zoologico\Zoologico\include\shader_m.h(44,40): warning C4101: 'e': variable local sin referencia
C:\Users\linka\source\repos\Zoologico\Zoologico\include\modelAnim.h(104,44): warning C4244: '=': conversión de 'double' a 'float'; posible pérdida de datos
C:\Users\linka\source\repos\Zoologico\Zoologico\include\modelAnim.h(520,24): warning C4244: 'inicializando': conversión de 'double' a 'float'; posible pérdida de datos
C:\Users\linka\source\repos\Zoologico\Zoologico\Final.cpp(339,30): warning C4244: '+=': conversión de 'double' a 'float'; posible pérdida de datos
C:\Users\linka\source\repos\Zoologico\Zoologico\Final.cpp(398,15): warning C4244: '+=': conversión de 'double' a 'float'; posible pérdida de datos
C:\Users\linka\source\repos\Zoologico\Zoologico\Final.cpp(432,22): warning C4244: '+=': conversión de 'double' a 'float'; posible pérdida de datos
C:\Users\linka\source\repos\Zoologico\Zoologico\Final.cpp(434,22): warning C4244: '+=': conversión de 'double' a 'float'; posible pérdida de datos
C:\Users\linka\source\repos\Zoologico\Zoologico\Final.cpp(436,22): warning C4244: '+=': conversión de 'double' a 'float'; posible pérdida de datos
C:\Users\linka\source\repos\Zoologico\Zoologico\Final.cpp(438,22): warning C4244: '+=': conversión de 'double' a 'float'; posible pérdida de datos
C:\Users\linka\source\repos\Zoologico\Zoologico\Final.cpp(609,34): warning C4305: '=': truncamiento de 'double' a 'float'
C:\Users\linka\source\repos\Zoologico\Zoologico\Final.cpp(611,34): warning C4305: '=': truncamiento de 'double' a 'float'
C:\Users\linka\source\repos\Zoologico\Zoologico\Final.cpp(619,34): warning C4305: '=': truncamiento de 'double' a 'float'
C:\Users\linka\source\repos\Zoologico\Zoologico\Final.cpp(621,34): warning C4305: '=': truncamiento de 'double' a 'float'
C:\Users\linka\source\repos\Zoologico\Zoologico\Final.cpp(629,34): warning C4305: '=': truncamiento de 'double' a 'float'
C:\Users\linka\source\repos\Zoologico\Zoologico\Final.cpp(631,34): warning C4305: '=': truncamiento de 'double' a 'float'
C:\Users\linka\source\repos\Zoologico\Zoologico\Final.cpp(639,42): warning C4305: '=': truncamiento de 'double' a 'float'
C:\Users\linka\source\repos\Zoologico\Zoologico\Final.cpp(641,42): warning C4305: '=': truncamiento de 'double' a 'float'
C:\Users\linka\source\repos\Zoologico\Zoologico\Final.cpp(649,35): warning C4305: '=': truncamiento de 'double' a 'float'
C:\Users\linka\source\repos\Zoologico\Zoologico\Final.cpp(651,35): warning C4305: '=': truncamiento de 'double' a 'float'
C:\Users\linka\source\repos\Zoologico\Zoologico\Final.cpp(659,35): warning C4305: '=': truncamiento de 'double' a 'float'
C:\Users\linka\source\repos\Zoologico\Zoologico\Final.cpp(661,35): warning C4305: '=': truncamiento de 'double' a 'float'
C:\Users\linka\source\repos\Zoologico\Zoologico\Final.cpp(669,35): warning C4305: '=': truncamiento de 'double' a 'float'
C:\Users\linka\source\repos\Zoologico\Zoologico\Final.cpp(671,35): warning C4305: '=': truncamiento de 'double' a 'float'
C:\Users\linka\source\repos\Zoologico\Zoologico\Final.cpp(679,42): warning C4305: '=': truncamiento de 'double' a 'float'
C:\Users\linka\source\repos\Zoologico\Zoologico\Final.cpp(681,42): warning C4305: '=': truncamiento de 'double' a 'float'
C:\Users\linka\source\repos\Zoologico\Zoologico\Final.cpp(689,34): warning C4305: '=': truncamiento de 'double' a 'float'
C:\Users\linka\source\repos\Zoologico\Zoologico\Final.cpp(691,34): warning C4305: '=': truncamiento de 'double' a 'float'
C:\Users\linka\source\repos\Zoologico\Zoologico\Final.cpp(699,35): warning C4305: '=': truncamiento de 'double' a 'float'
C:\Users\linka\source\repos\Zoologico\Zoologico\Final.cpp(701,35): warning C4305: '=': truncamiento de 'double' a 'float'
C:\Users\linka\source\repos\Zoologico\Zoologico\Final.cpp(709,35): warning C4305: '=': truncamiento de 'double' a 'float'
C:\Users\linka\source\repos\Zoologico\Zoologico\Final.cpp(711,35): warning C4305: '=': truncamiento de 'double' a 'float'
C:\Users\linka\source\repos\Zoologico\Zoologico\Final.cpp(719,43): warning C4305: '=': truncamiento de 'double' a 'float'
C:\Users\linka\source\repos\Zoologico\Zoologico\Final.cpp(721,43): warning C4305: '=': truncamiento de 'double' a 'float'
C:\Users\linka\source\repos\Zoologico\Zoologico\Final.cpp(729,36): warning C4305: '=': truncamiento de 'double' a 'float'
C:\Users\linka\source\repos\Zoologico\Zoologico\Final.cpp(731,36): warning C4305: '=': truncamiento de 'double' a 'float'
C:\Users\linka\source\repos\Zoologico\Zoologico\Final.cpp(739,36): warning C4305: '=': truncamiento de 'double' a 'float'
C:\Users\linka\source\repos\Zoologico\Zoologico\Final.cpp(741,36): warning C4305: '=': truncamiento de 'double' a 'float'
C:\Users\linka\source\repos\Zoologico\Zoologico\Final.cpp(749,36): warning C4305: '=': truncamiento de 'double' a 'float'
C:\Users\linka\source\repos\Zoologico\Zoologico\Final.cpp(751,36): warning C4305: '=': truncamiento de 'double' a 'float'
C:\Users\linka\source\repos\Zoologico\Zoologico\Final.cpp(759,43): warning C4305: '=': truncamiento de 'double' a 'float'
C:\Users\linka\source\repos\Zoologico\Zoologico\Final.cpp(761,43): warning C4305: '=': truncamiento de 'double' a 'float'
C:\Users\linka\source\repos\Zoologico\Zoologico\Final.cpp(769,35): warning C4305: '=': truncamiento de 'double' a 'float'
C:\Users\linka\source\repos\Zoologico\Zoologico\Final.cpp(771,35): warning C4305: '=': truncamiento de 'double' a 'float'
C:\Users\linka\source\repos\Zoologico\Zoologico\Final.cpp(779,43): warning C4305: '=': truncamiento de 'double' a 'float'
C:\Users\linka\source\repos\Zoologico\Zoologico\Final.cpp(781,43): warning C4305: '=': truncamiento de 'double' a 'float'
C:\Users\linka\source\repos\Zoologico\Zoologico\Final.cpp(789,36): warning C4305: '=': truncamiento de 'double' a 'float'
C:\Users\linka\source\repos\Zoologico\Zoologico\Final.cpp(790,35): warning C4305: '=': truncamiento de 'double' a 'float'
C:\Users\linka\source\repos\Zoologico\Zoologico\Final.cpp(791,36): warning C4305: '=': truncamiento de 'double' a 'float'
C:\Users\linka\source\repos\Zoologico\Zoologico\Final.cpp(793,32): warning C4305: '=': truncamiento de 'double' a 'float'
C:\Users\linka\source\repos\Zoologico\Zoologico\Final.cpp(799,36): warning C4305: '=': truncamiento de 'double' a 'float'
C:\Users\linka\source\repos\Zoologico\Zoologico\Final.cpp(800,35): warning C4305: '=': truncamiento de 'double' a 'float'
C:\Users\linka\source\repos\Zoologico\Zoologico\Final.cpp(801,36): warning C4305: '=': truncamiento de 'double' a 'float'
C:\Users\linka\source\repos\Zoologico\Zoologico\Final.cpp(803,32): warning C4305: '=': truncamiento de 'double' a 'float'
C:\Users\linka\source\repos\Zoologico\Zoologico\Final.cpp(804,31): warning C4305: '=': truncamiento de 'double' a 'float'
C:\Users\linka\source\repos\Zoologico\Zoologico\Final.cpp(805,34): warning C4305: '=': truncamiento de 'double' a 'float'
C:\Users\linka\source\repos\Zoologico\Zoologico\Final.cpp(809,36): warning C4305: '=': truncamiento de 'double' a 'float'
C:\Users\linka\source\repos\Zoologico\Zoologico\Final.cpp(810,35): warning C4305: '=': truncamiento de 'double' a 'float'
C:\Users\linka\source\repos\Zoologico\Zoologico\Final.cpp(811,36): warning C4305: '=': truncamiento de 'double' a 'float'
C:\Users\linka\source\repos\Zoologico\Zoologico\Final.cpp(813,32): warning C4305: '=': truncamiento de 'double' a 'float'
C:\Users\linka\source\repos\Zoologico\Zoologico\Final.cpp(814,31): warning C4305: '=': truncamiento de 'double' a 'float'
C:\Users\linka\source\repos\Zoologico\Zoologico\Final.cpp(819,36): warning C4305: '=': truncamiento de 'double' a 'float'
C:\Users\linka\source\repos\Zoologico\Zoologico\Final.cpp(820,35): warning C4305: '=': truncamiento de 'double' a 'float'
C:\Users\linka\source\repos\Zoologico\Zoologico\Final.cpp(821,36): warning C4305: '=': truncamiento de 'double' a 'float'
C:\Users\linka\source\repos\Zoologico\Zoologico\Final.cpp(823,32): warning C4305: '=': truncamiento de 'double' a 'float'
C:\Users\linka\source\repos\Zoologico\Zoologico\Final.cpp(824,31): warning C4305: '=': truncamiento de 'double' a 'float'
C:\Users\linka\source\repos\Zoologico\Zoologico\Final.cpp(829,36): warning C4305: '=': truncamiento de 'double' a 'float'
C:\Users\linka\source\repos\Zoologico\Zoologico\Final.cpp(830,35): warning C4305: '=': truncamiento de 'double' a 'float'
C:\Users\linka\source\repos\Zoologico\Zoologico\Final.cpp(831,36): warning C4305: '=': truncamiento de 'double' a 'float'
C:\Users\linka\source\repos\Zoologico\Zoologico\Final.cpp(833,32): warning C4305: '=': truncamiento de 'double' a 'float'
C:\Users\linka\source\repos\Zoologico\Zoologico\Final.cpp(834,31): warning C4305: '=': truncamiento de 'double' a 'float'
C:\Users\linka\source\repos\Zoologico\Zoologico\Final.cpp(839,36): warning C4305: '=': truncamiento de 'double' a 'float'
C:\Users\linka\source\repos\Zoologico\Zoologico\Final.cpp(840,35): warning C4305: '=': truncamiento de 'double' a 'float'
C:\Users\linka\source\repos\Zoologico\Zoologico\Final.cpp(841,36): warning C4305: '=': truncamiento de 'double' a 'float'
C:\Users\linka\source\repos\Zoologico\Zoologico\Final.cpp(843,32): warning C4305: '=': truncamiento de 'double' a 'float'
C:\Users\linka\source\repos\Zoologico\Zoologico\Final.cpp(849,36): warning C4305: '=': truncamiento de 'double' a 'float'
C:\Users\linka\source\repos\Zoologico\Zoologico\Final.cpp(850,35): warning C4305: '=': truncamiento de 'double' a 'float'
C:\Users\linka\source\repos\Zoologico\Zoologico\Final.cpp(851,36): warning C4305: '=': truncamiento de 'double' a 'float'
C:\Users\linka\source\repos\Zoologico\Zoologico\Final.cpp(853,32): warning C4305: '=': truncamiento de 'double' a 'float'
C:\Users\linka\source\repos\Zoologico\Zoologico\Final.cpp(854,31): warning C4305: '=': truncamiento de 'double' a 'float'
C:\Users\linka\source\repos\Zoologico\Zoologico\Final.cpp(859,36): warning C4305: '=': truncamiento de 'double' a 'float'
C:\Users\linka\source\repos\Zoologico\Zoologico\Final.cpp(860,35): warning C4305: '=': truncamiento de 'double' a 'float'
C:\Users\linka\source\repos\Zoologico\Zoologico\Final.cpp(861,36): warning C4305: '=': truncamiento de 'double' a 'float'
C:\Users\linka\source\repos\Zoologico\Zoologico\Final.cpp(863,32): warning C4305: '=': truncamiento de 'double' a 'float'
C:\Users\linka\source\repos\Zoologico\Zoologico\Final.cpp(864,31): warning C4305: '=': truncamiento de 'double' a 'float'
C:\Users\linka\source\repos\Zoologico\Zoologico\Final.cpp(867,36): warning C4305: '=': truncamiento de 'double' a 'float'
C:\Users\linka\source\repos\Zoologico\Zoologico\Final.cpp(868,41): warning C4305: '=': truncamiento de 'double' a 'float'
C:\Users\linka\source\repos\Zoologico\Zoologico\Final.cpp(869,42): warning C4305: '=': truncamiento de 'double' a 'float'
C:\Users\linka\source\repos\Zoologico\Zoologico\Final.cpp(870,41): warning C4305: '=': truncamiento de 'double' a 'float'
C:\Users\linka\source\repos\Zoologico\Zoologico\Final.cpp(871,42): warning C4305: '=': truncamiento de 'double' a 'float'
C:\Users\linka\source\repos\Zoologico\Zoologico\Final.cpp(873,41): warning C4305: '=': truncamiento de 'double' a 'float'
C:\Users\linka\source\repos\Zoologico\Zoologico\Final.cpp(874,31): warning C4305: '=': truncamiento de 'double' a 'float'
C:\Users\linka\source\repos\Zoologico\Zoologico\Final.cpp(875,40): warning C4305: '=': truncamiento de 'double' a 'float'
C:\Users\linka\source\repos\Zoologico\Zoologico\Final.cpp(1372,11): warning C4244: '=': conversión de 'double' a 'float'; posible pérdida de datos
C:\Users\linka\source\repos\Zoologico\Zoologico\Final.cpp(1373,11): warning C4244: '=': conversión de 'double' a 'float'; posible pérdida de datos
C:\Users\linka\source\repos\Zoologico\Zoologico\Final.cpp(1377,16): warning C4244: 'inicializando': conversión de 'double' a 'float'; posible pérdida de datos
C:\Users\linka\source\repos\Zoologico\Zoologico\Final.cpp(1378,16): warning C4244: 'inicializando': conversión de 'double' a 'float'; posible pérdida de datos
C:\Users\linka\source\repos\Zoologico\Zoologico\Final.cpp(1380,10): warning C4244: '=': conversión de 'double' a 'float'; posible pérdida de datos
C:\Users\linka\source\repos\Zoologico\Zoologico\Final.cpp(1381,10): warning C4244: '=': conversión de 'double' a 'float'; posible pérdida de datos
C:\Users\linka\source\repos\Zoologico\Zoologico\Final.cpp(1389,28): warning C4244: 'argumento': conversión de 'double' a 'float'; posible pérdida de datos
  glad.c
  Previous IPDB not found, fall back to full compilation.
LINK : warning LNK4098: la biblioteca predeterminada'MSVCRTD' entra en conflicto con otras bibliotecas; use la biblioteca /NODEFAULTLIB:biblioteca
  Generando código
  All 905 functions were compiled because no usable IPDB/IOBJ from previous compilation was found.
  Generación de código finalizada
glfw3.lib(context.obj) : warning LNK4099: no se encontró PDB '' con 'glfw3.lib(context.obj)' o en ''; se vinculará el objeto sin tener en cuenta información de depuración
glfw3.lib(init.obj) : warning LNK4099: no se encontró PDB 'glfw.pdb' con 'glfw3.lib(init.obj)' o en 'C:\Users\linka\source\repos\Zoologico\Release\glfw.pdb'; se vinculará el objeto sin tener en cuenta información de depuración
glfw3.lib(input.obj) : warning LNK4099: no se encontró PDB 'glfw.pdb' con 'glfw3.lib(input.obj)' o en 'C:\Users\linka\source\repos\Zoologico\Release\glfw.pdb'; se vinculará el objeto sin tener en cuenta información de depuración
glfw3.lib(monitor.obj) : warning LNK4099: no se encontró PDB 'glfw.pdb' con 'glfw3.lib(monitor.obj)' o en 'C:\Users\linka\source\repos\Zoologico\Release\glfw.pdb'; se vinculará el objeto sin tener en cuenta información de depuración
glfw3.lib(vulkan.obj) : warning LNK4099: no se encontró PDB 'glfw.pdb' con 'glfw3.lib(vulkan.obj)' o en 'C:\Users\linka\source\repos\Zoologico\Release\glfw.pdb'; se vinculará el objeto sin tener en cuenta información de depuración
glfw3.lib(window.obj) : warning LNK4099: no se encontró PDB 'glfw.pdb' con 'glfw3.lib(window.obj)' o en 'C:\Users\linka\source\repos\Zoologico\Release\glfw.pdb'; se vinculará el objeto sin tener en cuenta información de depuración
glfw3.lib(win32_init.obj) : warning LNK4099: no se encontró PDB 'glfw.pdb' con 'glfw3.lib(win32_init.obj)' o en 'C:\Users\linka\source\repos\Zoologico\Release\glfw.pdb'; se vinculará el objeto sin tener en cuenta información de depuración
glfw3.lib(win32_joystick.obj) : warning LNK4099: no se encontró PDB 'glfw.pdb' con 'glfw3.lib(win32_joystick.obj)' o en 'C:\Users\linka\source\repos\Zoologico\Release\glfw.pdb'; se vinculará el objeto sin tener en cuenta información de depuración
glfw3.lib(win32_monitor.obj) : warning LNK4099: no se encontró PDB 'glfw.pdb' con 'glfw3.lib(win32_monitor.obj)' o en 'C:\Users\linka\source\repos\Zoologico\Release\glfw.pdb'; se vinculará el objeto sin tener en cuenta información de depuración
glfw3.lib(win32_time.obj) : warning LNK4099: no se encontró PDB 'glfw.pdb' con 'glfw3.lib(win32_time.obj)' o en 'C:\Users\linka\source\repos\Zoologico\Release\glfw.pdb'; se vinculará el objeto sin tener en cuenta información de depuración
glfw3.lib(win32_thread.obj) : warning LNK4099: no se encontró PDB 'glfw.pdb' con 'glfw3.lib(win32_thread.obj)' o en 'C:\Users\linka\source\repos\Zoologico\Release\glfw.pdb'; se vinculará el objeto sin tener en cuenta información de depuración
glfw3.lib(win32_window.obj) : warning LNK4099: no se encontró PDB 'glfw.pdb' con 'glfw3.lib(win32_window.obj)' o en 'C:\Users\linka\source\repos\Zoologico\Release\glfw.pdb'; se vinculará el objeto sin tener en cuenta información de depuración
glfw3.lib(wgl_context.obj) : warning LNK4099: no se encontró PDB 'glfw.pdb' con 'glfw3.lib(wgl_context.obj)' o en 'C:\Users\linka\source\repos\Zoologico\Release\glfw.pdb'; se vinculará el objeto sin tener en cuenta información de depuración
glfw3.lib(egl_context.obj) : warning LNK4099: no se encontró PDB 'glfw.pdb' con 'glfw3.lib(egl_context.obj)' o en 'C:\Users\linka\source\repos\Zoologico\Release\glfw.pdb'; se vinculará el objeto sin tener en cuenta información de depuración
glfw3.lib(osmesa_context.obj) : warning LNK4099: no se encontró PDB 'glfw.pdb' con 'glfw3.lib(osmesa_context.obj)' o en 'C:\Users\linka\source\repos\Zoologico\Release\glfw.pdb'; se vinculará el objeto sin tener en cuenta información de depuración
  Zoologico.vcxproj -> C:\Users\linka\source\repos\Zoologico\Release\Zoologico.exe
